[2023-10-22 06:28:17,252] {taskinstance.py:1179} INFO - Dependencies all met for <TaskInstance: exchange_rate_to_postgres.get_rate_from_api manual__2023-10-22T06:28:15.848660+00:00 [queued]>
[2023-10-22 06:28:17,268] {taskinstance.py:1179} INFO - Dependencies all met for <TaskInstance: exchange_rate_to_postgres.get_rate_from_api manual__2023-10-22T06:28:15.848660+00:00 [queued]>
[2023-10-22 06:28:17,269] {taskinstance.py:1376} INFO - 
--------------------------------------------------------------------------------
[2023-10-22 06:28:17,271] {taskinstance.py:1377} INFO - Starting attempt 1 of 6
[2023-10-22 06:28:17,272] {taskinstance.py:1378} INFO - 
--------------------------------------------------------------------------------
[2023-10-22 06:28:17,290] {taskinstance.py:1397} INFO - Executing <Task(PythonOperator): get_rate_from_api> on 2023-10-22 06:28:15.848660+00:00
[2023-10-22 06:28:17,298] {standard_task_runner.py:52} INFO - Started process 4121 to run task
[2023-10-22 06:28:17,303] {standard_task_runner.py:79} INFO - Running: ['***', 'tasks', 'run', 'exchange_rate_to_postgres', 'get_rate_from_api', 'manual__2023-10-22T06:28:15.848660+00:00', '--job-id', '21', '--raw', '--subdir', 'DAGS_FOLDER/get_exchange_rate.py', '--cfg-path', '/tmp/tmp8gszn7z4', '--error-file', '/tmp/tmpcz7i9y0_']
[2023-10-22 06:28:17,305] {standard_task_runner.py:80} INFO - Job 21: Subtask get_rate_from_api
[2023-10-22 06:28:17,408] {task_command.py:371} INFO - Running <TaskInstance: exchange_rate_to_postgres.get_rate_from_api manual__2023-10-22T06:28:15.848660+00:00 [running]> on host 7fbc45d826e5
[2023-10-22 06:28:17,512] {taskinstance.py:1591} INFO - Exporting the following env vars:
AIRFLOW_CTX_DAG_OWNER=andrey
AIRFLOW_CTX_DAG_ID=exchange_rate_to_postgres
AIRFLOW_CTX_TASK_ID=get_rate_from_api
AIRFLOW_CTX_EXECUTION_DATE=2023-10-22T06:28:15.848660+00:00
AIRFLOW_CTX_TRY_NUMBER=1
AIRFLOW_CTX_DAG_RUN_ID=manual__2023-10-22T06:28:15.848660+00:00
[2023-10-22 06:28:18,453] {logging_mixin.py:115} INFO - ######### datetime_rate:  1697956083
[2023-10-22 06:28:18,457] {logging_mixin.py:115} INFO - ########## value_rate:  2875418.115565
[2023-10-22 06:28:18,490] {base.py:68} INFO - Using connection ID 'conn_exchange_rate' for task execution.
[2023-10-22 06:28:18,519] {logging_mixin.py:115} INFO - ############# Данные успешно вставлены в базу данных ############
[2023-10-22 06:28:18,524] {python.py:173} INFO - Done. Returned value was: None
[2023-10-22 06:28:18,546] {taskinstance.py:1420} INFO - Marking task as SUCCESS. dag_id=exchange_rate_to_***, task_id=get_rate_from_api, execution_date=20231022T062815, start_date=20231022T062817, end_date=20231022T062818
[2023-10-22 06:28:18,608] {local_task_job.py:156} INFO - Task exited with return code 0
[2023-10-22 06:28:18,661] {local_task_job.py:273} INFO - 1 downstream tasks scheduled from follow-on schedule check
