[2023-10-22 06:20:01,606] {taskinstance.py:1179} INFO - Dependencies all met for <TaskInstance: exchange_rate_to_postgres.get_rate_from_api scheduled__2023-10-22T06:10:00+00:00 [queued]>
[2023-10-22 06:20:01,624] {taskinstance.py:1179} INFO - Dependencies all met for <TaskInstance: exchange_rate_to_postgres.get_rate_from_api scheduled__2023-10-22T06:10:00+00:00 [queued]>
[2023-10-22 06:20:01,625] {taskinstance.py:1376} INFO - 
--------------------------------------------------------------------------------
[2023-10-22 06:20:01,626] {taskinstance.py:1377} INFO - Starting attempt 1 of 6
[2023-10-22 06:20:01,627] {taskinstance.py:1378} INFO - 
--------------------------------------------------------------------------------
[2023-10-22 06:20:01,649] {taskinstance.py:1397} INFO - Executing <Task(PythonOperator): get_rate_from_api> on 2023-10-22 06:10:00+00:00
[2023-10-22 06:20:01,657] {standard_task_runner.py:52} INFO - Started process 3729 to run task
[2023-10-22 06:20:01,662] {standard_task_runner.py:79} INFO - Running: ['***', 'tasks', 'run', 'exchange_rate_to_postgres', 'get_rate_from_api', 'scheduled__2023-10-22T06:10:00+00:00', '--job-id', '13', '--raw', '--subdir', 'DAGS_FOLDER/get_exchange_rate.py', '--cfg-path', '/tmp/tmpc95bdj42', '--error-file', '/tmp/tmpgt4uowqp']
[2023-10-22 06:20:01,664] {standard_task_runner.py:80} INFO - Job 13: Subtask get_rate_from_api
[2023-10-22 06:20:01,826] {task_command.py:371} INFO - Running <TaskInstance: exchange_rate_to_postgres.get_rate_from_api scheduled__2023-10-22T06:10:00+00:00 [running]> on host 7fbc45d826e5
[2023-10-22 06:20:01,949] {taskinstance.py:1591} INFO - Exporting the following env vars:
AIRFLOW_CTX_DAG_OWNER=andrey
AIRFLOW_CTX_DAG_ID=exchange_rate_to_postgres
AIRFLOW_CTX_TASK_ID=get_rate_from_api
AIRFLOW_CTX_EXECUTION_DATE=2023-10-22T06:10:00+00:00
AIRFLOW_CTX_TRY_NUMBER=1
AIRFLOW_CTX_DAG_RUN_ID=scheduled__2023-10-22T06:10:00+00:00
[2023-10-22 06:20:02,938] {logging_mixin.py:115} INFO - datetime_rate:  1697955543
[2023-10-22 06:20:02,939] {logging_mixin.py:115} INFO - value_rate:  2874662.921757
[2023-10-22 06:20:02,957] {base.py:68} INFO - Using connection ID 'conn_exchange_rate' for task execution.
[2023-10-22 06:20:02,973] {python.py:173} INFO - Done. Returned value was: None
[2023-10-22 06:20:02,996] {taskinstance.py:1420} INFO - Marking task as SUCCESS. dag_id=exchange_rate_to_***, task_id=get_rate_from_api, execution_date=20231022T061000, start_date=20231022T062001, end_date=20231022T062002
[2023-10-22 06:20:03,024] {local_task_job.py:156} INFO - Task exited with return code 0
[2023-10-22 06:20:03,076] {local_task_job.py:273} INFO - 1 downstream tasks scheduled from follow-on schedule check
