[2023-10-22 06:30:00,795] {taskinstance.py:1179} INFO - Dependencies all met for <TaskInstance: exchange_rate_to_postgres.get_rate_from_api scheduled__2023-10-22T06:20:00+00:00 [queued]>
[2023-10-22 06:30:00,812] {taskinstance.py:1179} INFO - Dependencies all met for <TaskInstance: exchange_rate_to_postgres.get_rate_from_api scheduled__2023-10-22T06:20:00+00:00 [queued]>
[2023-10-22 06:30:00,813] {taskinstance.py:1376} INFO - 
--------------------------------------------------------------------------------
[2023-10-22 06:30:00,814] {taskinstance.py:1377} INFO - Starting attempt 1 of 6
[2023-10-22 06:30:00,814] {taskinstance.py:1378} INFO - 
--------------------------------------------------------------------------------
[2023-10-22 06:30:00,837] {taskinstance.py:1397} INFO - Executing <Task(PythonOperator): get_rate_from_api> on 2023-10-22 06:20:00+00:00
[2023-10-22 06:30:00,845] {standard_task_runner.py:52} INFO - Started process 4204 to run task
[2023-10-22 06:30:00,850] {standard_task_runner.py:79} INFO - Running: ['***', 'tasks', 'run', 'exchange_rate_to_postgres', 'get_rate_from_api', 'scheduled__2023-10-22T06:20:00+00:00', '--job-id', '22', '--raw', '--subdir', 'DAGS_FOLDER/get_exchange_rate.py', '--cfg-path', '/tmp/tmpftbablyd', '--error-file', '/tmp/tmpmr69u9kc']
[2023-10-22 06:30:00,851] {standard_task_runner.py:80} INFO - Job 22: Subtask get_rate_from_api
[2023-10-22 06:30:00,953] {task_command.py:371} INFO - Running <TaskInstance: exchange_rate_to_postgres.get_rate_from_api scheduled__2023-10-22T06:20:00+00:00 [running]> on host 7fbc45d826e5
[2023-10-22 06:30:01,066] {taskinstance.py:1591} INFO - Exporting the following env vars:
AIRFLOW_CTX_DAG_OWNER=andrey
AIRFLOW_CTX_DAG_ID=exchange_rate_to_postgres
AIRFLOW_CTX_TASK_ID=get_rate_from_api
AIRFLOW_CTX_EXECUTION_DATE=2023-10-22T06:20:00+00:00
AIRFLOW_CTX_TRY_NUMBER=1
AIRFLOW_CTX_DAG_RUN_ID=scheduled__2023-10-22T06:20:00+00:00
[2023-10-22 06:30:01,748] {logging_mixin.py:115} INFO - ######### datetime_rate:  1697956143
[2023-10-22 06:30:01,750] {logging_mixin.py:115} INFO - ########## value_rate:  2876011.263275
[2023-10-22 06:30:01,767] {base.py:68} INFO - Using connection ID 'conn_exchange_rate' for task execution.
[2023-10-22 06:30:01,783] {logging_mixin.py:115} INFO - ############# Данные успешно вставлены в базу данных ############
[2023-10-22 06:30:01,784] {python.py:173} INFO - Done. Returned value was: None
[2023-10-22 06:30:01,803] {taskinstance.py:1420} INFO - Marking task as SUCCESS. dag_id=exchange_rate_to_***, task_id=get_rate_from_api, execution_date=20231022T062000, start_date=20231022T063000, end_date=20231022T063001
[2023-10-22 06:30:01,839] {local_task_job.py:156} INFO - Task exited with return code 0
[2023-10-22 06:30:01,892] {local_task_job.py:273} INFO - 1 downstream tasks scheduled from follow-on schedule check
