[2023-10-22 06:45:35,426] {taskinstance.py:1179} INFO - Dependencies all met for <TaskInstance: exchange_rate_to_postgres.get_rate_from_api manual__2023-10-22T06:45:33.784066+00:00 [queued]>
[2023-10-22 06:45:35,442] {taskinstance.py:1179} INFO - Dependencies all met for <TaskInstance: exchange_rate_to_postgres.get_rate_from_api manual__2023-10-22T06:45:33.784066+00:00 [queued]>
[2023-10-22 06:45:35,443] {taskinstance.py:1376} INFO - 
--------------------------------------------------------------------------------
[2023-10-22 06:45:35,443] {taskinstance.py:1377} INFO - Starting attempt 1 of 6
[2023-10-22 06:45:35,444] {taskinstance.py:1378} INFO - 
--------------------------------------------------------------------------------
[2023-10-22 06:45:35,462] {taskinstance.py:1397} INFO - Executing <Task(PythonOperator): get_rate_from_api> on 2023-10-22 06:45:33.784066+00:00
[2023-10-22 06:45:35,471] {standard_task_runner.py:52} INFO - Started process 4924 to run task
[2023-10-22 06:45:35,476] {standard_task_runner.py:79} INFO - Running: ['***', 'tasks', 'run', 'exchange_rate_to_postgres', 'get_rate_from_api', 'manual__2023-10-22T06:45:33.784066+00:00', '--job-id', '24', '--raw', '--subdir', 'DAGS_FOLDER/get_exchange_rate.py', '--cfg-path', '/tmp/tmp_3d6gbur', '--error-file', '/tmp/tmpjb1546f_']
[2023-10-22 06:45:35,477] {standard_task_runner.py:80} INFO - Job 24: Subtask get_rate_from_api
[2023-10-22 06:45:35,585] {task_command.py:371} INFO - Running <TaskInstance: exchange_rate_to_postgres.get_rate_from_api manual__2023-10-22T06:45:33.784066+00:00 [running]> on host 7fbc45d826e5
[2023-10-22 06:45:35,690] {taskinstance.py:1591} INFO - Exporting the following env vars:
AIRFLOW_CTX_DAG_OWNER=andrey
AIRFLOW_CTX_DAG_ID=exchange_rate_to_postgres
AIRFLOW_CTX_TASK_ID=get_rate_from_api
AIRFLOW_CTX_EXECUTION_DATE=2023-10-22T06:45:33.784066+00:00
AIRFLOW_CTX_TRY_NUMBER=1
AIRFLOW_CTX_DAG_RUN_ID=manual__2023-10-22T06:45:33.784066+00:00
[2023-10-22 06:45:36,554] {logging_mixin.py:115} INFO - ##### Обменный курс BTC к  RUB получен ####
[2023-10-22 06:45:36,556] {logging_mixin.py:115} INFO - ######### datetime_rate:  1697957103
[2023-10-22 06:45:36,557] {logging_mixin.py:115} INFO - ########## value_rate:  2877021.548205
[2023-10-22 06:45:36,558] {python.py:173} INFO - Done. Returned value was: None
[2023-10-22 06:45:36,577] {taskinstance.py:1420} INFO - Marking task as SUCCESS. dag_id=exchange_rate_to_postgres, task_id=get_rate_from_api, execution_date=20231022T064533, start_date=20231022T064535, end_date=20231022T064536
[2023-10-22 06:45:36,628] {local_task_job.py:156} INFO - Task exited with return code 0
[2023-10-22 06:45:36,691] {local_task_job.py:273} INFO - 1 downstream tasks scheduled from follow-on schedule check
