[2023-10-22 05:47:06,305] {taskinstance.py:1179} INFO - Dependencies all met for <TaskInstance: exchange_rate_to_postgres.get_rate_from_api scheduled__2023-10-22T05:30:00+00:00 [queued]>
[2023-10-22 05:47:06,318] {taskinstance.py:1179} INFO - Dependencies all met for <TaskInstance: exchange_rate_to_postgres.get_rate_from_api scheduled__2023-10-22T05:30:00+00:00 [queued]>
[2023-10-22 05:47:06,320] {taskinstance.py:1376} INFO - 
--------------------------------------------------------------------------------
[2023-10-22 05:47:06,321] {taskinstance.py:1377} INFO - Starting attempt 1 of 6
[2023-10-22 05:47:06,321] {taskinstance.py:1378} INFO - 
--------------------------------------------------------------------------------
[2023-10-22 05:47:06,376] {taskinstance.py:1397} INFO - Executing <Task(PythonOperator): get_rate_from_api> on 2023-10-22 05:30:00+00:00
[2023-10-22 05:47:06,389] {standard_task_runner.py:52} INFO - Started process 2221 to run task
[2023-10-22 05:47:06,397] {standard_task_runner.py:79} INFO - Running: ['***', 'tasks', 'run', 'exchange_rate_to_postgres', 'get_rate_from_api', 'scheduled__2023-10-22T05:30:00+00:00', '--job-id', '9', '--raw', '--subdir', 'DAGS_FOLDER/get_exchange_rate.py', '--cfg-path', '/tmp/tmpz4itk2c2', '--error-file', '/tmp/tmpchw38zwb']
[2023-10-22 05:47:06,403] {standard_task_runner.py:80} INFO - Job 9: Subtask get_rate_from_api
[2023-10-22 05:47:06,529] {task_command.py:371} INFO - Running <TaskInstance: exchange_rate_to_postgres.get_rate_from_api scheduled__2023-10-22T05:30:00+00:00 [running]> on host 7fbc45d826e5
[2023-10-22 05:47:06,632] {taskinstance.py:1591} INFO - Exporting the following env vars:
AIRFLOW_CTX_DAG_OWNER=andrey
AIRFLOW_CTX_DAG_ID=exchange_rate_to_postgres
AIRFLOW_CTX_TASK_ID=get_rate_from_api
AIRFLOW_CTX_EXECUTION_DATE=2023-10-22T05:30:00+00:00
AIRFLOW_CTX_TRY_NUMBER=1
AIRFLOW_CTX_DAG_RUN_ID=scheduled__2023-10-22T05:30:00+00:00
[2023-10-22 05:47:07,712] {logging_mixin.py:115} INFO - datetime_rate:  1697953623
[2023-10-22 05:47:07,713] {logging_mixin.py:115} INFO - value_rate:  2863785.855386
[2023-10-22 05:47:07,715] {python.py:173} INFO - Done. Returned value was: None
[2023-10-22 05:47:07,736] {taskinstance.py:1420} INFO - Marking task as SUCCESS. dag_id=exchange_rate_to_postgres, task_id=get_rate_from_api, execution_date=20231022T053000, start_date=20231022T054706, end_date=20231022T054707
[2023-10-22 05:47:07,801] {local_task_job.py:156} INFO - Task exited with return code 0
[2023-10-22 05:47:07,853] {local_task_job.py:273} INFO - 1 downstream tasks scheduled from follow-on schedule check
