[2023-10-22 06:21:28,653] {taskinstance.py:1179} INFO - Dependencies all met for <TaskInstance: exchange_rate_to_postgres.get_rate_from_api manual__2023-10-22T06:21:27.122877+00:00 [queued]>
[2023-10-22 06:21:28,670] {taskinstance.py:1179} INFO - Dependencies all met for <TaskInstance: exchange_rate_to_postgres.get_rate_from_api manual__2023-10-22T06:21:27.122877+00:00 [queued]>
[2023-10-22 06:21:28,671] {taskinstance.py:1376} INFO - 
--------------------------------------------------------------------------------
[2023-10-22 06:21:28,672] {taskinstance.py:1377} INFO - Starting attempt 1 of 6
[2023-10-22 06:21:28,673] {taskinstance.py:1378} INFO - 
--------------------------------------------------------------------------------
[2023-10-22 06:21:28,695] {taskinstance.py:1397} INFO - Executing <Task(PythonOperator): get_rate_from_api> on 2023-10-22 06:21:27.122877+00:00
[2023-10-22 06:21:28,705] {standard_task_runner.py:52} INFO - Started process 3805 to run task
[2023-10-22 06:21:28,710] {standard_task_runner.py:79} INFO - Running: ['***', 'tasks', 'run', 'exchange_rate_to_postgres', 'get_rate_from_api', 'manual__2023-10-22T06:21:27.122877+00:00', '--job-id', '14', '--raw', '--subdir', 'DAGS_FOLDER/get_exchange_rate.py', '--cfg-path', '/tmp/tmpfnfnh9_g', '--error-file', '/tmp/tmp3thw3rok']
[2023-10-22 06:21:28,711] {standard_task_runner.py:80} INFO - Job 14: Subtask get_rate_from_api
[2023-10-22 06:21:28,811] {task_command.py:371} INFO - Running <TaskInstance: exchange_rate_to_postgres.get_rate_from_api manual__2023-10-22T06:21:27.122877+00:00 [running]> on host 7fbc45d826e5
[2023-10-22 06:21:28,930] {taskinstance.py:1591} INFO - Exporting the following env vars:
AIRFLOW_CTX_DAG_OWNER=andrey
AIRFLOW_CTX_DAG_ID=exchange_rate_to_postgres
AIRFLOW_CTX_TASK_ID=get_rate_from_api
AIRFLOW_CTX_EXECUTION_DATE=2023-10-22T06:21:27.122877+00:00
AIRFLOW_CTX_TRY_NUMBER=1
AIRFLOW_CTX_DAG_RUN_ID=manual__2023-10-22T06:21:27.122877+00:00
[2023-10-22 06:21:29,620] {logging_mixin.py:115} INFO - ######### datetime_rate:  1697955663
[2023-10-22 06:21:29,621] {logging_mixin.py:115} INFO - ########## value_rate:  2875204.650351
[2023-10-22 06:21:29,638] {base.py:68} INFO - Using connection ID 'conn_exchange_rate' for task execution.
[2023-10-22 06:21:29,655] {logging_mixin.py:115} INFO - ############# Данные успешно вставлены в базу данных ############
[2023-10-22 06:21:29,656] {python.py:173} INFO - Done. Returned value was: None
[2023-10-22 06:21:29,677] {taskinstance.py:1420} INFO - Marking task as SUCCESS. dag_id=exchange_rate_to_***, task_id=get_rate_from_api, execution_date=20231022T062127, start_date=20231022T062128, end_date=20231022T062129
[2023-10-22 06:21:29,731] {local_task_job.py:156} INFO - Task exited with return code 0
[2023-10-22 06:21:29,789] {local_task_job.py:273} INFO - 1 downstream tasks scheduled from follow-on schedule check
