[2023-10-22 07:00:01,673] {taskinstance.py:1179} INFO - Dependencies all met for <TaskInstance: exchange_rate_to_postgres.get_rate_from_api scheduled__2023-10-22T06:50:00+00:00 [queued]>
[2023-10-22 07:00:01,690] {taskinstance.py:1179} INFO - Dependencies all met for <TaskInstance: exchange_rate_to_postgres.get_rate_from_api scheduled__2023-10-22T06:50:00+00:00 [queued]>
[2023-10-22 07:00:01,691] {taskinstance.py:1376} INFO - 
--------------------------------------------------------------------------------
[2023-10-22 07:00:01,692] {taskinstance.py:1377} INFO - Starting attempt 1 of 6
[2023-10-22 07:00:01,693] {taskinstance.py:1378} INFO - 
--------------------------------------------------------------------------------
[2023-10-22 07:00:01,710] {taskinstance.py:1397} INFO - Executing <Task(PythonOperator): get_rate_from_api> on 2023-10-22 06:50:00+00:00
[2023-10-22 07:00:01,717] {standard_task_runner.py:52} INFO - Started process 5607 to run task
[2023-10-22 07:00:01,722] {standard_task_runner.py:79} INFO - Running: ['***', 'tasks', 'run', 'exchange_rate_to_postgres', 'get_rate_from_api', 'scheduled__2023-10-22T06:50:00+00:00', '--job-id', '35', '--raw', '--subdir', 'DAGS_FOLDER/get_exchange_rate.py', '--cfg-path', '/tmp/tmp203xdhsy', '--error-file', '/tmp/tmpxahev8st']
[2023-10-22 07:00:01,723] {standard_task_runner.py:80} INFO - Job 35: Subtask get_rate_from_api
[2023-10-22 07:00:01,819] {task_command.py:371} INFO - Running <TaskInstance: exchange_rate_to_postgres.get_rate_from_api scheduled__2023-10-22T06:50:00+00:00 [running]> on host 7fbc45d826e5
[2023-10-22 07:00:01,917] {taskinstance.py:1591} INFO - Exporting the following env vars:
AIRFLOW_CTX_DAG_OWNER=andrey
AIRFLOW_CTX_DAG_ID=exchange_rate_to_postgres
AIRFLOW_CTX_TASK_ID=get_rate_from_api
AIRFLOW_CTX_EXECUTION_DATE=2023-10-22T06:50:00+00:00
AIRFLOW_CTX_TRY_NUMBER=1
AIRFLOW_CTX_DAG_RUN_ID=scheduled__2023-10-22T06:50:00+00:00
[2023-10-22 07:00:02,994] {logging_mixin.py:115} INFO - ##### Обменный курс BTC к  RUB получен ####
[2023-10-22 07:00:02,995] {logging_mixin.py:115} INFO - ######### datetime_rate:  1697957943
[2023-10-22 07:00:02,996] {logging_mixin.py:115} INFO - ########## value_rate:  2870978.785522
[2023-10-22 07:00:02,997] {python.py:173} INFO - Done. Returned value was: None
[2023-10-22 07:00:03,016] {taskinstance.py:1420} INFO - Marking task as SUCCESS. dag_id=exchange_rate_to_postgres, task_id=get_rate_from_api, execution_date=20231022T065000, start_date=20231022T070001, end_date=20231022T070003
[2023-10-22 07:00:03,052] {local_task_job.py:156} INFO - Task exited with return code 0
[2023-10-22 07:00:03,114] {local_task_job.py:273} INFO - 1 downstream tasks scheduled from follow-on schedule check
