[2023-10-22 06:10:01,515] {taskinstance.py:1179} INFO - Dependencies all met for <TaskInstance: exchange_rate_to_postgres.get_rate_from_api scheduled__2023-10-22T06:00:00+00:00 [queued]>
[2023-10-22 06:10:01,529] {taskinstance.py:1179} INFO - Dependencies all met for <TaskInstance: exchange_rate_to_postgres.get_rate_from_api scheduled__2023-10-22T06:00:00+00:00 [queued]>
[2023-10-22 06:10:01,531] {taskinstance.py:1376} INFO - 
--------------------------------------------------------------------------------
[2023-10-22 06:10:01,532] {taskinstance.py:1377} INFO - Starting attempt 1 of 6
[2023-10-22 06:10:01,532] {taskinstance.py:1378} INFO - 
--------------------------------------------------------------------------------
[2023-10-22 06:10:01,551] {taskinstance.py:1397} INFO - Executing <Task(PythonOperator): get_rate_from_api> on 2023-10-22 06:00:00+00:00
[2023-10-22 06:10:01,558] {standard_task_runner.py:52} INFO - Started process 3268 to run task
[2023-10-22 06:10:01,563] {standard_task_runner.py:79} INFO - Running: ['***', 'tasks', 'run', 'exchange_rate_to_postgres', 'get_rate_from_api', 'scheduled__2023-10-22T06:00:00+00:00', '--job-id', '12', '--raw', '--subdir', 'DAGS_FOLDER/get_exchange_rate.py', '--cfg-path', '/tmp/tmpj77e4ocq', '--error-file', '/tmp/tmp_7lyr0qn']
[2023-10-22 06:10:01,565] {standard_task_runner.py:80} INFO - Job 12: Subtask get_rate_from_api
[2023-10-22 06:10:01,685] {task_command.py:371} INFO - Running <TaskInstance: exchange_rate_to_postgres.get_rate_from_api scheduled__2023-10-22T06:00:00+00:00 [running]> on host 7fbc45d826e5
[2023-10-22 06:10:01,786] {taskinstance.py:1591} INFO - Exporting the following env vars:
AIRFLOW_CTX_DAG_OWNER=andrey
AIRFLOW_CTX_DAG_ID=exchange_rate_to_postgres
AIRFLOW_CTX_TASK_ID=get_rate_from_api
AIRFLOW_CTX_EXECUTION_DATE=2023-10-22T06:00:00+00:00
AIRFLOW_CTX_TRY_NUMBER=1
AIRFLOW_CTX_DAG_RUN_ID=scheduled__2023-10-22T06:00:00+00:00
[2023-10-22 06:10:02,782] {logging_mixin.py:115} INFO - datetime_rate:  1697954943
[2023-10-22 06:10:02,783] {logging_mixin.py:115} INFO - value_rate:  2878819.852327
[2023-10-22 06:10:02,784] {python.py:173} INFO - Done. Returned value was: None
[2023-10-22 06:10:02,804] {taskinstance.py:1420} INFO - Marking task as SUCCESS. dag_id=exchange_rate_to_postgres, task_id=get_rate_from_api, execution_date=20231022T060000, start_date=20231022T061001, end_date=20231022T061002
[2023-10-22 06:10:02,851] {local_task_job.py:156} INFO - Task exited with return code 0
[2023-10-22 06:10:02,903] {local_task_job.py:273} INFO - 1 downstream tasks scheduled from follow-on schedule check
